<?xml version="1.0" encoding="UTF-8"?>
<!-- Generated by org.testng.reporters.JUnitReportReporter -->
<testsuite skipped="0" hostname="DR-INDHYD-035" name="Com.Excute.TestNg" tests="1" failures="0" timestamp="21 Jan 2019 11:55:50 GMT" time="33.254" errors="0">
  <testcase name="homeScreenTest" time="33.254" classname="Com.Excute.TestNg"/>
</testsuite> <!-- Com.Excute.TestNg -->
