<?xml version="1.0" encoding="UTF-8"?>
<!-- Generated by org.testng.reporters.JUnitReportReporter -->
<testsuite skipped="0" hostname="DR-INDHYD-035" name="Com.Excute.TestNg" tests="1" failures="0" timestamp="04 Jan 2019 09:32:57 GMT" time="33.426" errors="0">
  <testcase name="homeScreenTest" time="33.426" classname="Com.Excute.TestNg"/>
</testsuite> <!-- Com.Excute.TestNg -->
